# JRE version: Java(TM) SE Runtime Environment 18.9 (11.0.16+11) (build 11.0.16+11-LTS-199)
# Java VM: Java HotSpot(TM) 64-Bit Server VM 18.9 (11.0.16+11-LTS-199, mixed mode, tiered, compressed oops, g1 gc, windows-amd64)
Heap:
 garbage-first heap   total 157696K, used 25656K [0x0000000080000000, 0x0000000100000000)
  region size 1024K, 12 young (12288K), 9 survivors (9216K)
 Metaspace       used 31352K, capacity 31953K, committed 32000K, reserved 1077248K
  class space    used 3350K, capacity 3558K, committed 3584K, reserved 1048576K
GC Heap History (10 events):
Event: 1.306 GC heap before
{Heap before GC invocations=2 (full 0):
 garbage-first heap   total 131072K, used 17506K [0x0000000080000000, 0x0000000100000000)
  region size 1024K, 15 young (15360K), 1 survivors (1024K)
 Metaspace       used 12430K, capacity 12660K, committed 12928K, reserved 1060864K
  class space    used 1263K, capacity 1348K, committed 1408K, reserved 1048576K
}
Event: 1.311 GC heap after
{Heap after GC invocations=3 (full 0):
 garbage-first heap   total 131072K, used 3832K [0x0000000080000000, 0x0000000100000000)
  region size 1024K, 2 young (2048K), 2 survivors (2048K)
 Metaspace       used 12430K, capacity 12660K, committed 12928K, reserved 1060864K
  class space    used 1263K, capacity 1348K, committed 1408K, reserved 1048576K
}
Event: 1.967 GC heap before
{Heap before GC invocations=3 (full 0):
 garbage-first heap   total 131072K, used 23288K [0x0000000080000000, 0x0000000100000000)
  region size 1024K, 21 young (21504K), 2 survivors (2048K)
 Metaspace       used 14763K, capacity 14939K, committed 15232K, reserved 1062912K
  class space    used 1549K, capacity 1617K, committed 1664K, reserved 1048576K
}
Event: 1.973 GC heap after
{Heap after GC invocations=4 (full 0):
 garbage-first heap   total 131072K, used 4529K [0x0000000080000000, 0x0000000100000000)
  region size 1024K, 3 young (3072K), 3 survivors (3072K)
 Metaspace       used 14763K, capacity 14939K, committed 15232K, reserved 1062912K
  class space    used 1549K, capacity 1617K, committed 1664K, reserved 1048576K
}
Event: 3.692 GC heap before
{Heap before GC invocations=4 (full 0):
 garbage-first heap   total 131072K, used 36273K [0x0000000080000000, 0x0000000100000000)
  region size 1024K, 34 young (34816K), 3 survivors (3072K)
 Metaspace       used 19805K, capacity 20135K, committed 20224K, reserved 1067008K
  class space    used 2117K, capacity 2247K, committed 2304K, reserved 1048576K
}
Event: 3.710 GC heap after
{Heap after GC invocations=5 (full 0):
 garbage-first heap   total 157696K, used 7396K [0x0000000080000000, 0x0000000100000000)
  region size 1024K, 5 young (5120K), 5 survivors (5120K)
 Metaspace       used 19805K, capacity 20135K, committed 20224K, reserved 1067008K
  class space    used 2117K, capacity 2247K, committed 2304K, reserved 1048576K
}
Event: 5.714 GC heap before
{Heap before GC invocations=5 (full 0):
 garbage-first heap   total 157696K, used 64740K [0x0000000080000000, 0x0000000100000000)
  region size 1024K, 62 young (63488K), 5 survivors (5120K)
 Metaspace       used 20946K, capacity 21206K, committed 21248K, reserved 1069056K
  class space    used 2177K, capacity 2283K, committed 2304K, reserved 1048576K
}
Event: 5.744 GC heap after
{Heap after GC invocations=6 (full 0):
 garbage-first heap   total 157696K, used 13540K [0x0000000080000000, 0x0000000100000000)
  region size 1024K, 11 young (11264K), 11 survivors (11264K)
 Metaspace       used 20946K, capacity 21206K, committed 21248K, reserved 1069056K
  class space    used 2177K, capacity 2283K, committed 2304K, reserved 1048576K
}
Event: 8.908 GC heap before
{Heap before GC invocations=7 (full 0):
 garbage-first heap   total 157696K, used 76004K [0x0000000080000000, 0x0000000100000000)
  region size 1024K, 72 young (73728K), 11 survivors (11264K)
 Metaspace       used 30859K, capacity 31388K, committed 31488K, reserved 1077248K
  class space    used 3298K, capacity 3520K, committed 3584K, reserved 1048576K
}
Event: 8.960 GC heap after
{Heap after GC invocations=8 (full 0):
 garbage-first heap   total 157696K, used 23608K [0x0000000080000000, 0x0000000100000000)
  region size 1024K, 9 young (9216K), 9 survivors (9216K)
 Metaspace       used 30859K, capacity 31388K, committed 31488K, reserved 1077248K
  class space    used 3298K, capacity 3520K, committed 3584K, reserved 1048576K
}

