# JRE version: Java(TM) SE Runtime Environment 18.9 (11.0.16+11) (build 11.0.16+11-LTS-199)
# Java VM: Java HotSpot(TM) 64-Bit Server VM 18.9 (11.0.16+11-LTS-199, mixed mode, tiered, compressed oops, g1 gc, windows-amd64)
Heap:
 garbage-first heap   total 157696K, used 56955K [0x0000000080000000, 0x0000000100000000)
  region size 1024K, 55 young (56320K), 12 survivors (12288K)
 Metaspace       used 28725K, capacity 29204K, committed 29440K, reserved 1077248K
  class space    used 3093K, capacity 3281K, committed 3328K, reserved 1048576K
GC Heap History (10 events):
Event: 0.919 GC heap before
{Heap before GC invocations=1 (full 0):
 garbage-first heap   total 131072K, used 7280K [0x0000000080000000, 0x0000000100000000)
  region size 1024K, 6 young (6144K), 1 survivors (1024K)
 Metaspace       used 10182K, capacity 10408K, committed 10496K, reserved 1058816K
  class space    used 949K, capacity 1024K, committed 1024K, reserved 1048576K
}
Event: 0.923 GC heap after
{Heap after GC invocations=2 (full 0):
 garbage-first heap   total 131072K, used 3248K [0x0000000080000000, 0x0000000100000000)
  region size 1024K, 1 young (1024K), 1 survivors (1024K)
 Metaspace       used 10182K, capacity 10408K, committed 10496K, reserved 1058816K
  class space    used 949K, capacity 1024K, committed 1024K, reserved 1048576K
}
Event: 1.382 GC heap before
{Heap before GC invocations=2 (full 0):
 garbage-first heap   total 131072K, used 15536K [0x0000000080000000, 0x0000000100000000)
  region size 1024K, 14 young (14336K), 1 survivors (1024K)
 Metaspace       used 12395K, capacity 12596K, committed 12672K, reserved 1060864K
  class space    used 1252K, capacity 1348K, committed 1408K, reserved 1048576K
}
Event: 1.386 GC heap after
{Heap after GC invocations=3 (full 0):
 garbage-first heap   total 131072K, used 3862K [0x0000000080000000, 0x0000000100000000)
  region size 1024K, 2 young (2048K), 2 survivors (2048K)
 Metaspace       used 12395K, capacity 12596K, committed 12672K, reserved 1060864K
  class space    used 1252K, capacity 1348K, committed 1408K, reserved 1048576K
}
Event: 2.130 GC heap before
{Heap before GC invocations=3 (full 0):
 garbage-first heap   total 131072K, used 22294K [0x0000000080000000, 0x0000000100000000)
  region size 1024K, 20 young (20480K), 2 survivors (2048K)
 Metaspace       used 14388K, capacity 14583K, committed 14720K, reserved 1062912K
  class space    used 1501K, capacity 1581K, committed 1664K, reserved 1048576K
}
Event: 2.136 GC heap after
{Heap after GC invocations=4 (full 0):
 garbage-first heap   total 131072K, used 4446K [0x0000000080000000, 0x0000000100000000)
  region size 1024K, 3 young (3072K), 3 survivors (3072K)
 Metaspace       used 14388K, capacity 14583K, committed 14720K, reserved 1062912K
  class space    used 1501K, capacity 1581K, committed 1664K, reserved 1048576K
}
Event: 3.921 GC heap before
{Heap before GC invocations=4 (full 0):
 garbage-first heap   total 131072K, used 36190K [0x0000000080000000, 0x0000000100000000)
  region size 1024K, 34 young (34816K), 3 survivors (3072K)
 Metaspace       used 19749K, capacity 20129K, committed 20224K, reserved 1067008K
  class space    used 2116K, capacity 2245K, committed 2304K, reserved 1048576K
}
Event: 3.937 GC heap after
{Heap after GC invocations=5 (full 0):
 garbage-first heap   total 157696K, used 7281K [0x0000000080000000, 0x0000000100000000)
  region size 1024K, 5 young (5120K), 5 survivors (5120K)
 Metaspace       used 19749K, capacity 20129K, committed 20224K, reserved 1067008K
  class space    used 2116K, capacity 2245K, committed 2304K, reserved 1048576K
}
Event: 5.893 GC heap before
{Heap before GC invocations=5 (full 0):
 garbage-first heap   total 157696K, used 67697K [0x0000000080000000, 0x0000000100000000)
  region size 1024K, 65 young (66560K), 5 survivors (5120K)
 Metaspace       used 20934K, capacity 21206K, committed 21248K, reserved 1069056K
  class space    used 2178K, capacity 2283K, committed 2304K, reserved 1048576K
}
Event: 5.923 GC heap after
{Heap after GC invocations=6 (full 0):
 garbage-first heap   total 157696K, used 13947K [0x0000000080000000, 0x0000000100000000)
  region size 1024K, 12 young (12288K), 12 survivors (12288K)
 Metaspace       used 20934K, capacity 21206K, committed 21248K, reserved 1069056K
  class space    used 2178K, capacity 2283K, committed 2304K, reserved 1048576K
}

